  [1m[35m (1.1ms)[0m  [1m[35mSET NAMES utf8,  @@SESSION.sql_mode = CONCAT(CONCAT(@@sql_mode, ',STRICT_ALL_TABLES'), ',NO_AUTO_VALUE_ON_ZERO'),  @@SESSION.sql_auto_is_null = 0, @@SESSION.wait_timeout = 2147483[0m
  [1m[35m (7.4ms)[0m  [1m[35mCREATE TABLE `schema_migrations` (`version` varchar(255) NOT NULL PRIMARY KEY)[0m
  [1m[35m (7.3ms)[0m  [1m[35mCREATE TABLE `ar_internal_metadata` (`key` varchar(255) NOT NULL PRIMARY KEY, `value` varchar(255), `created_at` datetime(6) NOT NULL, `updated_at` datetime(6) NOT NULL)[0m
  [1m[35m (0.6ms)[0m  [1m[35mSET NAMES utf8,  @@SESSION.sql_mode = CONCAT(CONCAT(@@sql_mode, ',STRICT_ALL_TABLES'), ',NO_AUTO_VALUE_ON_ZERO'),  @@SESSION.sql_auto_is_null = 0, @@SESSION.wait_timeout = 2147483[0m
  [1m[35m (0.5ms)[0m  [1m[34mSELECT GET_LOCK('1889412250694455305', 0)[0m
  [1m[35m (1.4ms)[0m  [1m[34mSELECT `schema_migrations`.`version` FROM `schema_migrations` ORDER BY `schema_migrations`.`version` ASC[0m
Migrating to CreateShortUrls (20190923133432)
  [1m[35m (77.5ms)[0m  [1m[35mCREATE TABLE `short_urls` (`id` bigint NOT NULL AUTO_INCREMENT PRIMARY KEY, `full_url` varchar(255), `title` varchar(255), `click_count` int DEFAULT 0, `created_at` datetime(6) NOT NULL, `updated_at` datetime(6) NOT NULL,  INDEX `index_short_urls_on_full_url`  (`full_url`))[0m
  [1m[35m (0.9ms)[0m  [1m[35mBEGIN[0m
  [1m[36mprimary::SchemaMigration Create (1.1ms)[0m  [1m[32mINSERT INTO `schema_migrations` (`version`) VALUES ('20190923133432')[0m
  [1m[35m (3.6ms)[0m  [1m[35mCOMMIT[0m
  [1m[36mActiveRecord::InternalMetadata Load (0.9ms)[0m  [1m[34mSELECT `ar_internal_metadata`.* FROM `ar_internal_metadata` WHERE `ar_internal_metadata`.`key` = 'environment' LIMIT 1[0m
  [1m[35m (0.5ms)[0m  [1m[35mBEGIN[0m
  [1m[36mActiveRecord::InternalMetadata Create (0.7ms)[0m  [1m[32mINSERT INTO `ar_internal_metadata` (`key`, `value`, `created_at`, `updated_at`) VALUES ('environment', 'development', '2021-04-19 16:10:18.001010', '2021-04-19 16:10:18.001010')[0m
  [1m[35m (1.8ms)[0m  [1m[35mCOMMIT[0m
  [1m[35m (0.6ms)[0m  [1m[34mSELECT RELEASE_LOCK('1889412250694455305')[0m
  [1m[35m (0.5ms)[0m  [1m[35mSET NAMES utf8,  @@SESSION.sql_mode = CONCAT(CONCAT(@@sql_mode, ',STRICT_ALL_TABLES'), ',NO_AUTO_VALUE_ON_ZERO'),  @@SESSION.sql_auto_is_null = 0, @@SESSION.wait_timeout = 2147483[0m
  [1m[35m (1.5ms)[0m  [1m[34mSELECT `schema_migrations`.`version` FROM `schema_migrations` ORDER BY `schema_migrations`.`version` ASC[0m
  [1m[35m (8.1ms)[0m  [1m[35mSET NAMES utf8,  @@SESSION.sql_mode = CONCAT(CONCAT(@@sql_mode, ',STRICT_ALL_TABLES'), ',NO_AUTO_VALUE_ON_ZERO'),  @@SESSION.sql_auto_is_null = 0, @@SESSION.wait_timeout = 2147483[0m
  [1m[35m (0.6ms)[0m  [1m[35mBEGIN[0m
  [1m[36mShortUrl Create (6.4ms)[0m  [1m[32mINSERT INTO `short_urls` (`full_url`, `created_at`, `updated_at`) VALUES ('http://gg', '2022-01-21 22:39:19.398496', '2022-01-21 22:39:19.398496')[0m
  [1m[35m (2.5ms)[0m  [1m[35mCOMMIT[0m
  [1m[36mShortUrl Load (0.8ms)[0m  [1m[34mSELECT `short_urls`.* FROM `short_urls` LIMIT 11[0m
  [1m[36mShortUrl Load (0.3ms)[0m  [1m[34mSELECT `short_urls`.* FROM `short_urls` LIMIT 11[0m
  [1m[35m (0.8ms)[0m  [1m[35mSET NAMES utf8,  @@SESSION.sql_mode = CONCAT(CONCAT(@@sql_mode, ',STRICT_ALL_TABLES'), ',NO_AUTO_VALUE_ON_ZERO'),  @@SESSION.sql_auto_is_null = 0, @@SESSION.wait_timeout = 2147483[0m
  [1m[36mShortUrl Load (0.4ms)[0m  [1m[34mSELECT `short_urls`.* FROM `short_urls` LIMIT 11[0m
  [1m[35m (0.6ms)[0m  [1m[35mSET NAMES utf8,  @@SESSION.sql_mode = CONCAT(CONCAT(@@sql_mode, ',STRICT_ALL_TABLES'), ',NO_AUTO_VALUE_ON_ZERO'),  @@SESSION.sql_auto_is_null = 0, @@SESSION.wait_timeout = 2147483[0m
  [1m[35m (0.4ms)[0m  [1m[35mBEGIN[0m
  [1m[36mShortUrl Create (1.4ms)[0m  [1m[32mINSERT INTO `short_urls` (`full_url`, `created_at`, `updated_at`) VALUES ('http://j', '2022-01-21 22:52:52.008561', '2022-01-21 22:52:52.008561')[0m
  [1m[35m (3.3ms)[0m  [1m[35mCOMMIT[0m
  [1m[35m (0.5ms)[0m  [1m[35mBEGIN[0m
  [1m[36mShortUrl Create (5.2ms)[0m  [1m[32mINSERT INTO `short_urls` (`full_url`, `created_at`, `updated_at`) VALUES ('http://j', '2022-01-21 22:53:26.957930', '2022-01-21 22:53:26.957930')[0m
  [1m[35m (8.7ms)[0m  [1m[35mCOMMIT[0m
  [1m[35m (0.4ms)[0m  [1m[35mBEGIN[0m
  [1m[36mShortUrl Create (0.7ms)[0m  [1m[32mINSERT INTO `short_urls` (`full_url`, `created_at`, `updated_at`) VALUES ('http://j', '2022-01-21 22:55:24.786545', '2022-01-21 22:55:24.786545')[0m
  [1m[35m (2.4ms)[0m  [1m[35mCOMMIT[0m
  [1m[36mShortUrl Load (0.8ms)[0m  [1m[34mSELECT `short_urls`.* FROM `short_urls` LIMIT 11[0m
  [1m[36mShortUrl Load (1.6ms)[0m  [1m[34mSELECT `short_urls`.* FROM `short_urls` LIMIT 11[0m
  [1m[36mShortUrl Load (0.6ms)[0m  [1m[34mSELECT `short_urls`.* FROM `short_urls` LIMIT 11[0m
  [1m[36mShortUrl Load (0.8ms)[0m  [1m[34mSELECT `short_urls`.* FROM `short_urls` LIMIT 11[0m
  [1m[36mShortUrl Load (0.6ms)[0m  [1m[34mSELECT `short_urls`.* FROM `short_urls` LIMIT 11[0m
  [1m[36mShortUrl Load (0.9ms)[0m  [1m[34mSELECT `short_urls`.* FROM `short_urls` WHERE `short_urls`.`id` = 1 LIMIT 1[0m
  [1m[36mShortUrl Load (0.6ms)[0m  [1m[34mSELECT `short_urls`.* FROM `short_urls` WHERE `short_urls`.`id` = 1001 LIMIT 1[0m
  [1m[35m (2.6ms)[0m  [1m[34mSELECT COUNT(*) FROM `short_urls`[0m
  [1m[36mShortUrl Load (0.8ms)[0m  [1m[34mSELECT `short_urls`.* FROM `short_urls` ORDER BY `short_urls`.`id` ASC LIMIT 1[0m
  [1m[36mShortUrl Load (0.7ms)[0m  [1m[34mSELECT `short_urls`.* FROM `short_urls` ORDER BY `short_urls`.`id` ASC LIMIT 1[0m
  [1m[36mShortUrl Load (0.7ms)[0m  [1m[34mSELECT `short_urls`.* FROM `short_urls` WHERE `short_urls`.`id` = 1003 LIMIT 1[0m
  [1m[36mShortUrl Load (0.3ms)[0m  [1m[34mSELECT `short_urls`.* FROM `short_urls` WHERE `short_urls`.`id` = 1003 LIMIT 1[0m
  [1m[35m (0.7ms)[0m  [1m[35mSET NAMES utf8,  @@SESSION.sql_mode = CONCAT(CONCAT(@@sql_mode, ',STRICT_ALL_TABLES'), ',NO_AUTO_VALUE_ON_ZERO'),  @@SESSION.sql_auto_is_null = 0, @@SESSION.wait_timeout = 2147483[0m
  [1m[35m (0.4ms)[0m  [1m[34mSELECT `schema_migrations`.`version` FROM `schema_migrations` ORDER BY `schema_migrations`.`version` ASC[0m
  [1m[35m (0.6ms)[0m  [1m[34mSELECT `ar_internal_metadata`.`value` FROM `ar_internal_metadata` WHERE `ar_internal_metadata`.`key` = 'environment'[0m
  [1m[35m (0.6ms)[0m  [1m[34mSELECT `schema_migrations`.`version` FROM `schema_migrations` ORDER BY `schema_migrations`.`version` ASC[0m
  [1m[35m (0.5ms)[0m  [1m[34mSELECT `ar_internal_metadata`.`value` FROM `ar_internal_metadata` WHERE `ar_internal_metadata`.`key` = 'environment'[0m
  [1m[35m (0.5ms)[0m  [1m[34mSELECT `schema_migrations`.`version` FROM `schema_migrations` ORDER BY `schema_migrations`.`version` ASC[0m
  [1m[35m (0.4ms)[0m  [1m[34mSELECT `ar_internal_metadata`.`value` FROM `ar_internal_metadata` WHERE `ar_internal_metadata`.`key` = 'environment'[0m
  [1m[35m (0.4ms)[0m  [1m[35mSET NAMES utf8,  @@SESSION.sql_mode = CONCAT(CONCAT(@@sql_mode, ',STRICT_ALL_TABLES'), ',NO_AUTO_VALUE_ON_ZERO'),  @@SESSION.sql_auto_is_null = 0, @@SESSION.wait_timeout = 2147483[0m
  [1m[35m (18.2ms)[0m  [1m[35mDROP DATABASE IF EXISTS `short_development`[0m
  [1m[35m (1.1ms)[0m  [1m[35mSET NAMES utf8,  @@SESSION.sql_mode = CONCAT(CONCAT(@@sql_mode, ',STRICT_ALL_TABLES'), ',NO_AUTO_VALUE_ON_ZERO'),  @@SESSION.sql_auto_is_null = 0, @@SESSION.wait_timeout = 2147483[0m
  [1m[35m (0.4ms)[0m  [1m[35mCREATE DATABASE `short_development` DEFAULT CHARACTER SET `utf8`[0m
  [1m[35m (0.8ms)[0m  [1m[35mSET NAMES utf8,  @@SESSION.sql_mode = CONCAT(CONCAT(@@sql_mode, ',STRICT_ALL_TABLES'), ',NO_AUTO_VALUE_ON_ZERO'),  @@SESSION.sql_auto_is_null = 0, @@SESSION.wait_timeout = 2147483[0m
  [1m[35m (3.2ms)[0m  [1m[35mCREATE DATABASE `short_development` DEFAULT CHARACTER SET `utf8`[0m
  [1m[35m (0.4ms)[0m  [1m[35mSET NAMES utf8,  @@SESSION.sql_mode = CONCAT(CONCAT(@@sql_mode, ',STRICT_ALL_TABLES'), ',NO_AUTO_VALUE_ON_ZERO'),  @@SESSION.sql_auto_is_null = 0, @@SESSION.wait_timeout = 2147483[0m
  [1m[35m (4.9ms)[0m  [1m[35mDROP TABLE IF EXISTS `short_urls` CASCADE[0m
  [1m[35m (9.5ms)[0m  [1m[35mCREATE TABLE `short_urls` (`id` bigint NOT NULL AUTO_INCREMENT PRIMARY KEY, `full_url` varchar(255), `title` varchar(255), `click_count` int DEFAULT 0, `created_at` datetime(6) NOT NULL, `updated_at` datetime(6) NOT NULL,  INDEX `index_short_urls_on_full_url`  (`full_url`)) ENGINE=InnoDB DEFAULT CHARSET=utf8mb4[0m
  [1m[35m (5.5ms)[0m  [1m[35mCREATE TABLE `schema_migrations` (`version` varchar(255) NOT NULL PRIMARY KEY)[0m
  [1m[35m (0.4ms)[0m  [1m[34mSELECT `schema_migrations`.`version` FROM `schema_migrations` ORDER BY `schema_migrations`.`version` ASC[0m
  [1m[35m (0.9ms)[0m  [1m[32mINSERT INTO `schema_migrations` (version) VALUES (20190923133432)[0m
  [1m[35m (5.6ms)[0m  [1m[35mCREATE TABLE `ar_internal_metadata` (`key` varchar(255) NOT NULL PRIMARY KEY, `value` varchar(255), `created_at` datetime(6) NOT NULL, `updated_at` datetime(6) NOT NULL)[0m
  [1m[36mActiveRecord::InternalMetadata Load (0.5ms)[0m  [1m[34mSELECT `ar_internal_metadata`.* FROM `ar_internal_metadata` WHERE `ar_internal_metadata`.`key` = 'environment' LIMIT 1[0m
  [1m[35m (0.4ms)[0m  [1m[35mBEGIN[0m
  [1m[36mActiveRecord::InternalMetadata Create (0.5ms)[0m  [1m[32mINSERT INTO `ar_internal_metadata` (`key`, `value`, `created_at`, `updated_at`) VALUES ('environment', 'development', '2022-01-21 23:25:53.737400', '2022-01-21 23:25:53.737400')[0m
  [1m[35m (0.9ms)[0m  [1m[35mCOMMIT[0m
  [1m[36mActiveRecord::InternalMetadata Load (0.4ms)[0m  [1m[34mSELECT `ar_internal_metadata`.* FROM `ar_internal_metadata` WHERE `ar_internal_metadata`.`key` = 'environment' LIMIT 1[0m
  [1m[36mActiveRecord::InternalMetadata Load (0.4ms)[0m  [1m[34mSELECT `ar_internal_metadata`.* FROM `ar_internal_metadata` WHERE `ar_internal_metadata`.`key` = 'schema_sha1' LIMIT 1[0m
  [1m[35m (0.2ms)[0m  [1m[35mBEGIN[0m
  [1m[36mActiveRecord::InternalMetadata Create (1.1ms)[0m  [1m[32mINSERT INTO `ar_internal_metadata` (`key`, `value`, `created_at`, `updated_at`) VALUES ('schema_sha1', '02cc98f8276f8fb30c31cefd8ee4a711578852bc', '2022-01-21 23:25:53.750678', '2022-01-21 23:25:53.750678')[0m
  [1m[35m (0.8ms)[0m  [1m[35mCOMMIT[0m
  [1m[35m (0.4ms)[0m  [1m[35mSET NAMES utf8,  @@SESSION.sql_mode = CONCAT(CONCAT(@@sql_mode, ',STRICT_ALL_TABLES'), ',NO_AUTO_VALUE_ON_ZERO'),  @@SESSION.sql_auto_is_null = 0, @@SESSION.wait_timeout = 2147483[0m
  [1m[35m (4.5ms)[0m  [1m[35mDROP TABLE IF EXISTS `short_urls` CASCADE[0m
  [1m[35m (6.9ms)[0m  [1m[35mCREATE TABLE `short_urls` (`id` bigint NOT NULL AUTO_INCREMENT PRIMARY KEY, `full_url` varchar(255), `title` varchar(255), `click_count` int DEFAULT 0, `created_at` datetime(6) NOT NULL, `updated_at` datetime(6) NOT NULL,  INDEX `index_short_urls_on_full_url`  (`full_url`)) ENGINE=InnoDB DEFAULT CHARSET=utf8mb4[0m
  [1m[35m (0.4ms)[0m  [1m[34mSELECT `schema_migrations`.`version` FROM `schema_migrations` ORDER BY `schema_migrations`.`version` ASC[0m
  [1m[36mActiveRecord::InternalMetadata Load (0.3ms)[0m  [1m[34mSELECT `ar_internal_metadata`.* FROM `ar_internal_metadata` WHERE `ar_internal_metadata`.`key` = 'environment' LIMIT 1[0m
  [1m[36mActiveRecord::InternalMetadata Load (0.4ms)[0m  [1m[34mSELECT `ar_internal_metadata`.* FROM `ar_internal_metadata` WHERE `ar_internal_metadata`.`key` = 'environment' LIMIT 1[0m
  [1m[35m (0.3ms)[0m  [1m[35mBEGIN[0m
  [1m[36mActiveRecord::InternalMetadata Update (0.9ms)[0m  [1m[33mUPDATE `ar_internal_metadata` SET `ar_internal_metadata`.`value` = 'test', `ar_internal_metadata`.`updated_at` = '2022-01-21 23:25:53.788316' WHERE `ar_internal_metadata`.`key` = 'environment'[0m
  [1m[35m (0.8ms)[0m  [1m[35mCOMMIT[0m
  [1m[36mActiveRecord::InternalMetadata Load (0.6ms)[0m  [1m[34mSELECT `ar_internal_metadata`.* FROM `ar_internal_metadata` WHERE `ar_internal_metadata`.`key` = 'schema_sha1' LIMIT 1[0m
  [1m[35m (0.3ms)[0m  [1m[35mSET NAMES utf8,  @@SESSION.sql_mode = CONCAT(CONCAT(@@sql_mode, ',STRICT_ALL_TABLES'), ',NO_AUTO_VALUE_ON_ZERO'),  @@SESSION.sql_auto_is_null = 0, @@SESSION.wait_timeout = 2147483[0m
  [1m[35m (0.3ms)[0m  [1m[34mSELECT `schema_migrations`.`version` FROM `schema_migrations` ORDER BY `schema_migrations`.`version` ASC[0m
  [1m[35m (0.3ms)[0m  [1m[35mSET NAMES utf8,  @@SESSION.sql_mode = CONCAT(CONCAT(@@sql_mode, ',STRICT_ALL_TABLES'), ',NO_AUTO_VALUE_ON_ZERO'),  @@SESSION.sql_auto_is_null = 0, @@SESSION.wait_timeout = 2147483[0m
  [1m[35m (0.3ms)[0m  [1m[35mSET NAMES utf8,  @@SESSION.sql_mode = CONCAT(CONCAT(@@sql_mode, ',STRICT_ALL_TABLES'), ',NO_AUTO_VALUE_ON_ZERO'),  @@SESSION.sql_auto_is_null = 0, @@SESSION.wait_timeout = 2147483[0m
  [1m[35m (0.3ms)[0m  [1m[34mSELECT GET_LOCK('1889412250694455305', 0)[0m
  [1m[35m (0.4ms)[0m  [1m[34mSELECT `schema_migrations`.`version` FROM `schema_migrations` ORDER BY `schema_migrations`.`version` ASC[0m
  [1m[36mActiveRecord::InternalMetadata Load (0.5ms)[0m  [1m[34mSELECT `ar_internal_metadata`.* FROM `ar_internal_metadata` WHERE `ar_internal_metadata`.`key` = 'environment' LIMIT 1[0m
  [1m[35m (0.3ms)[0m  [1m[35mBEGIN[0m
  [1m[36mActiveRecord::InternalMetadata Update (0.5ms)[0m  [1m[33mUPDATE `ar_internal_metadata` SET `ar_internal_metadata`.`value` = 'development', `ar_internal_metadata`.`updated_at` = '2022-01-21 23:25:53.830477' WHERE `ar_internal_metadata`.`key` = 'environment'[0m
  [1m[35m (0.8ms)[0m  [1m[35mCOMMIT[0m
  [1m[35m (0.4ms)[0m  [1m[34mSELECT RELEASE_LOCK('1889412250694455305')[0m
  [1m[35m (0.5ms)[0m  [1m[35mSET NAMES utf8,  @@SESSION.sql_mode = CONCAT(CONCAT(@@sql_mode, ',STRICT_ALL_TABLES'), ',NO_AUTO_VALUE_ON_ZERO'),  @@SESSION.sql_auto_is_null = 0, @@SESSION.wait_timeout = 2147483[0m
  [1m[35m (0.4ms)[0m  [1m[34mSELECT `schema_migrations`.`version` FROM `schema_migrations` ORDER BY `schema_migrations`.`version` ASC[0m
  [1m[35m (0.5ms)[0m  [1m[35mSET NAMES utf8,  @@SESSION.sql_mode = CONCAT(CONCAT(@@sql_mode, ',STRICT_ALL_TABLES'), ',NO_AUTO_VALUE_ON_ZERO'),  @@SESSION.sql_auto_is_null = 0, @@SESSION.wait_timeout = 2147483[0m
  [1m[35m (0.5ms)[0m  [1m[34mSELECT `ar_internal_metadata`.`value` FROM `ar_internal_metadata` WHERE `ar_internal_metadata`.`key` = 'schema_sha1'[0m
  [1m[35m (0.4ms)[0m  [1m[35mSET NAMES utf8,  @@SESSION.sql_mode = CONCAT(CONCAT(@@sql_mode, ',STRICT_ALL_TABLES'), ',NO_AUTO_VALUE_ON_ZERO'),  @@SESSION.sql_auto_is_null = 0, @@SESSION.wait_timeout = 2147483[0m
  [1m[35m (0.4ms)[0m  [1m[34mSELECT `schema_migrations`.`version` FROM `schema_migrations` ORDER BY `schema_migrations`.`version` ASC[0m
  [1m[35m (0.4ms)[0m  [1m[35mBEGIN[0m
  [1m[35m (0.4ms)[0m  [1m[35mSAVEPOINT active_record_1[0m
  [1m[36mShortUrl Create (0.6ms)[0m  [1m[32mINSERT INTO `short_urls` (`full_url`, `created_at`, `updated_at`) VALUES ('https://www.beenverified.com/faq/', '2022-01-21 23:26:04.598405', '2022-01-21 23:26:04.598405')[0m
  [1m[35m (0.5ms)[0m  [1m[35mRELEASE SAVEPOINT active_record_1[0m
  [1m[36mShortUrl Load (0.6ms)[0m  [1m[34mSELECT `short_urls`.* FROM `short_urls` WHERE `short_urls`.`id` = 1 LIMIT 1[0m
  ↳ app/models/concerns/shortable.rb:30:in `find_by_short_code'
  [1m[35m (1.6ms)[0m  [1m[31mROLLBACK[0m
  [1m[35m (0.6ms)[0m  [1m[35mBEGIN[0m
  [1m[35m (0.2ms)[0m  [1m[31mROLLBACK[0m
  [1m[35m (0.2ms)[0m  [1m[35mBEGIN[0m
  [1m[35m (0.2ms)[0m  [1m[31mROLLBACK[0m
  [1m[35m (0.1ms)[0m  [1m[35mBEGIN[0m
  [1m[35m (0.2ms)[0m  [1m[31mROLLBACK[0m
  [1m[35m (0.2ms)[0m  [1m[35mBEGIN[0m
  [1m[35m (0.2ms)[0m  [1m[35mSAVEPOINT active_record_1[0m
  [1m[36mShortUrl Create (1.3ms)[0m  [1m[32mINSERT INTO `short_urls` (`full_url`, `created_at`, `updated_at`) VALUES ('https://www.beenverified.com/faq/', '2022-01-21 23:26:04.686115', '2022-01-21 23:26:04.686115')[0m
  [1m[35m (0.2ms)[0m  [1m[35mRELEASE SAVEPOINT active_record_1[0m
  [1m[35m (0.8ms)[0m  [1m[31mROLLBACK[0m
  [1m[35m (0.2ms)[0m  [1m[35mBEGIN[0m
  [1m[35m (0.2ms)[0m  [1m[35mSAVEPOINT active_record_1[0m
  [1m[36mShortUrl Create (0.4ms)[0m  [1m[32mINSERT INTO `short_urls` (`full_url`, `created_at`, `updated_at`) VALUES ('https://www.beenverified.com/faq/', '2022-01-21 23:26:04.711450', '2022-01-21 23:26:04.711450')[0m
  [1m[35m (0.2ms)[0m  [1m[35mRELEASE SAVEPOINT active_record_1[0m
  [1m[35m (0.3ms)[0m  [1m[31mROLLBACK[0m
  [1m[35m (0.2ms)[0m  [1m[35mBEGIN[0m
  [1m[35m (0.2ms)[0m  [1m[35mSAVEPOINT active_record_1[0m
  [1m[36mShortUrl Create (0.5ms)[0m  [1m[32mINSERT INTO `short_urls` (`full_url`, `created_at`, `updated_at`) VALUES ('https://www.beenverified.com/faq/', '2022-01-21 23:26:04.733983', '2022-01-21 23:26:04.733983')[0m
  [1m[35m (0.2ms)[0m  [1m[35mRELEASE SAVEPOINT active_record_1[0m
  [1m[35m (0.3ms)[0m  [1m[31mROLLBACK[0m
  [1m[35m (0.1ms)[0m  [1m[35mBEGIN[0m
  [1m[35m (0.6ms)[0m  [1m[35mSAVEPOINT active_record_1[0m
  [1m[36mShortUrl Create (0.5ms)[0m  [1m[32mINSERT INTO `short_urls` (`full_url`, `created_at`, `updated_at`) VALUES ('https://www.beenverified.com/faq/', '2022-01-21 23:26:04.793363', '2022-01-21 23:26:04.793363')[0m
  [1m[35m (0.2ms)[0m  [1m[35mRELEASE SAVEPOINT active_record_1[0m
  [1m[36mShortUrl Update (0.3ms)[0m  [1m[33mUPDATE `short_urls` SET `short_urls`.`id` = 1001 WHERE `short_urls`.`id` = 5[0m
  [1m[35m (0.3ms)[0m  [1m[31mROLLBACK[0m
  [1m[35m (0.1ms)[0m  [1m[35mBEGIN[0m
  [1m[35m (0.2ms)[0m  [1m[35mSAVEPOINT active_record_1[0m
  [1m[36mShortUrl Create (0.3ms)[0m  [1m[32mINSERT INTO `short_urls` (`full_url`, `created_at`, `updated_at`) VALUES ('https://www.beenverified.com/faq/', '2022-01-21 23:26:04.817278', '2022-01-21 23:26:04.817278')[0m
  [1m[35m (0.2ms)[0m  [1m[35mRELEASE SAVEPOINT active_record_1[0m
  [1m[36mShortUrl Update (0.5ms)[0m  [1m[33mUPDATE `short_urls` SET `short_urls`.`id` = 50 WHERE `short_urls`.`id` = 1002[0m
  [1m[35m (0.5ms)[0m  [1m[31mROLLBACK[0m
  [1m[35m (0.5ms)[0m  [1m[35mSET NAMES utf8,  @@SESSION.sql_mode = CONCAT(CONCAT(@@sql_mode, ',STRICT_ALL_TABLES'), ',NO_AUTO_VALUE_ON_ZERO'),  @@SESSION.sql_auto_is_null = 0, @@SESSION.wait_timeout = 2147483[0m
  [1m[35m (0.3ms)[0m  [1m[34mSELECT `schema_migrations`.`version` FROM `schema_migrations` ORDER BY `schema_migrations`.`version` ASC[0m
  [1m[35m (0.5ms)[0m  [1m[34mSELECT `ar_internal_metadata`.`value` FROM `ar_internal_metadata` WHERE `ar_internal_metadata`.`key` = 'environment'[0m
  [1m[35m (0.2ms)[0m  [1m[34mSELECT `schema_migrations`.`version` FROM `schema_migrations` ORDER BY `schema_migrations`.`version` ASC[0m
  [1m[35m (0.2ms)[0m  [1m[34mSELECT `ar_internal_metadata`.`value` FROM `ar_internal_metadata` WHERE `ar_internal_metadata`.`key` = 'environment'[0m
  [1m[35m (0.2ms)[0m  [1m[34mSELECT `schema_migrations`.`version` FROM `schema_migrations` ORDER BY `schema_migrations`.`version` ASC[0m
  [1m[35m (0.2ms)[0m  [1m[34mSELECT `ar_internal_metadata`.`value` FROM `ar_internal_metadata` WHERE `ar_internal_metadata`.`key` = 'environment'[0m
  [1m[35m (0.9ms)[0m  [1m[35mSET NAMES utf8,  @@SESSION.sql_mode = CONCAT(CONCAT(@@sql_mode, ',STRICT_ALL_TABLES'), ',NO_AUTO_VALUE_ON_ZERO'),  @@SESSION.sql_auto_is_null = 0, @@SESSION.wait_timeout = 2147483[0m
  [1m[35m (10.5ms)[0m  [1m[35mDROP DATABASE IF EXISTS `short_development`[0m
  [1m[35m (0.5ms)[0m  [1m[35mSET NAMES utf8,  @@SESSION.sql_mode = CONCAT(CONCAT(@@sql_mode, ',STRICT_ALL_TABLES'), ',NO_AUTO_VALUE_ON_ZERO'),  @@SESSION.sql_auto_is_null = 0, @@SESSION.wait_timeout = 2147483[0m
  [1m[35m (0.4ms)[0m  [1m[35mCREATE DATABASE `short_development` DEFAULT CHARACTER SET `utf8`[0m
  [1m[35m (0.3ms)[0m  [1m[35mSET NAMES utf8,  @@SESSION.sql_mode = CONCAT(CONCAT(@@sql_mode, ',STRICT_ALL_TABLES'), ',NO_AUTO_VALUE_ON_ZERO'),  @@SESSION.sql_auto_is_null = 0, @@SESSION.wait_timeout = 2147483[0m
  [1m[35m (3.8ms)[0m  [1m[35mCREATE DATABASE `short_development` DEFAULT CHARACTER SET `utf8`[0m
  [1m[35m (0.6ms)[0m  [1m[35mSET NAMES utf8,  @@SESSION.sql_mode = CONCAT(CONCAT(@@sql_mode, ',STRICT_ALL_TABLES'), ',NO_AUTO_VALUE_ON_ZERO'),  @@SESSION.sql_auto_is_null = 0, @@SESSION.wait_timeout = 2147483[0m
  [1m[35m (3.1ms)[0m  [1m[35mDROP TABLE IF EXISTS `short_urls` CASCADE[0m
  [1m[35m (7.1ms)[0m  [1m[35mCREATE TABLE `short_urls` (`id` bigint NOT NULL AUTO_INCREMENT PRIMARY KEY, `full_url` varchar(255), `title` varchar(255), `click_count` int DEFAULT 0, `created_at` datetime(6) NOT NULL, `updated_at` datetime(6) NOT NULL,  INDEX `index_short_urls_on_full_url`  (`full_url`)) ENGINE=InnoDB DEFAULT CHARSET=utf8mb4[0m
  [1m[35m (6.4ms)[0m  [1m[35mCREATE TABLE `schema_migrations` (`version` varchar(255) NOT NULL PRIMARY KEY)[0m
  [1m[35m (0.3ms)[0m  [1m[34mSELECT `schema_migrations`.`version` FROM `schema_migrations` ORDER BY `schema_migrations`.`version` ASC[0m
  [1m[35m (0.9ms)[0m  [1m[32mINSERT INTO `schema_migrations` (version) VALUES (20190923133432)[0m
  [1m[35m (6.5ms)[0m  [1m[35mCREATE TABLE `ar_internal_metadata` (`key` varchar(255) NOT NULL PRIMARY KEY, `value` varchar(255), `created_at` datetime(6) NOT NULL, `updated_at` datetime(6) NOT NULL)[0m
  [1m[36mActiveRecord::InternalMetadata Load (0.5ms)[0m  [1m[34mSELECT `ar_internal_metadata`.* FROM `ar_internal_metadata` WHERE `ar_internal_metadata`.`key` = 'environment' LIMIT 1[0m
  [1m[35m (0.1ms)[0m  [1m[35mBEGIN[0m
  [1m[36mActiveRecord::InternalMetadata Create (0.3ms)[0m  [1m[32mINSERT INTO `ar_internal_metadata` (`key`, `value`, `created_at`, `updated_at`) VALUES ('environment', 'development', '2022-01-21 23:26:57.000549', '2022-01-21 23:26:57.000549')[0m
  [1m[35m (0.8ms)[0m  [1m[35mCOMMIT[0m
  [1m[36mActiveRecord::InternalMetadata Load (0.2ms)[0m  [1m[34mSELECT `ar_internal_metadata`.* FROM `ar_internal_metadata` WHERE `ar_internal_metadata`.`key` = 'environment' LIMIT 1[0m
  [1m[36mActiveRecord::InternalMetadata Load (0.4ms)[0m  [1m[34mSELECT `ar_internal_metadata`.* FROM `ar_internal_metadata` WHERE `ar_internal_metadata`.`key` = 'schema_sha1' LIMIT 1[0m
  [1m[35m (0.2ms)[0m  [1m[35mBEGIN[0m
  [1m[36mActiveRecord::InternalMetadata Create (0.7ms)[0m  [1m[32mINSERT INTO `ar_internal_metadata` (`key`, `value`, `created_at`, `updated_at`) VALUES ('schema_sha1', '02cc98f8276f8fb30c31cefd8ee4a711578852bc', '2022-01-21 23:26:57.012626', '2022-01-21 23:26:57.012626')[0m
  [1m[35m (0.7ms)[0m  [1m[35mCOMMIT[0m
  [1m[35m (0.3ms)[0m  [1m[35mSET NAMES utf8,  @@SESSION.sql_mode = CONCAT(CONCAT(@@sql_mode, ',STRICT_ALL_TABLES'), ',NO_AUTO_VALUE_ON_ZERO'),  @@SESSION.sql_auto_is_null = 0, @@SESSION.wait_timeout = 2147483[0m
  [1m[35m (3.8ms)[0m  [1m[35mDROP TABLE IF EXISTS `short_urls` CASCADE[0m
  [1m[35m (5.8ms)[0m  [1m[35mCREATE TABLE `short_urls` (`id` bigint NOT NULL AUTO_INCREMENT PRIMARY KEY, `full_url` varchar(255), `title` varchar(255), `click_count` int DEFAULT 0, `created_at` datetime(6) NOT NULL, `updated_at` datetime(6) NOT NULL,  INDEX `index_short_urls_on_full_url`  (`full_url`)) ENGINE=InnoDB DEFAULT CHARSET=utf8mb4[0m
  [1m[35m (0.3ms)[0m  [1m[34mSELECT `schema_migrations`.`version` FROM `schema_migrations` ORDER BY `schema_migrations`.`version` ASC[0m
  [1m[36mActiveRecord::InternalMetadata Load (0.2ms)[0m  [1m[34mSELECT `ar_internal_metadata`.* FROM `ar_internal_metadata` WHERE `ar_internal_metadata`.`key` = 'environment' LIMIT 1[0m
  [1m[36mActiveRecord::InternalMetadata Load (0.2ms)[0m  [1m[34mSELECT `ar_internal_metadata`.* FROM `ar_internal_metadata` WHERE `ar_internal_metadata`.`key` = 'environment' LIMIT 1[0m
  [1m[35m (0.2ms)[0m  [1m[35mBEGIN[0m
  [1m[36mActiveRecord::InternalMetadata Update (0.4ms)[0m  [1m[33mUPDATE `ar_internal_metadata` SET `ar_internal_metadata`.`value` = 'test', `ar_internal_metadata`.`updated_at` = '2022-01-21 23:26:57.046577' WHERE `ar_internal_metadata`.`key` = 'environment'[0m
  [1m[35m (0.8ms)[0m  [1m[35mCOMMIT[0m
  [1m[36mActiveRecord::InternalMetadata Load (0.3ms)[0m  [1m[34mSELECT `ar_internal_metadata`.* FROM `ar_internal_metadata` WHERE `ar_internal_metadata`.`key` = 'schema_sha1' LIMIT 1[0m
  [1m[35m (0.2ms)[0m  [1m[35mSET NAMES utf8,  @@SESSION.sql_mode = CONCAT(CONCAT(@@sql_mode, ',STRICT_ALL_TABLES'), ',NO_AUTO_VALUE_ON_ZERO'),  @@SESSION.sql_auto_is_null = 0, @@SESSION.wait_timeout = 2147483[0m
  [1m[35m (0.2ms)[0m  [1m[34mSELECT `schema_migrations`.`version` FROM `schema_migrations` ORDER BY `schema_migrations`.`version` ASC[0m
  [1m[35m (0.2ms)[0m  [1m[35mSET NAMES utf8,  @@SESSION.sql_mode = CONCAT(CONCAT(@@sql_mode, ',STRICT_ALL_TABLES'), ',NO_AUTO_VALUE_ON_ZERO'),  @@SESSION.sql_auto_is_null = 0, @@SESSION.wait_timeout = 2147483[0m
  [1m[35m (0.2ms)[0m  [1m[35mSET NAMES utf8,  @@SESSION.sql_mode = CONCAT(CONCAT(@@sql_mode, ',STRICT_ALL_TABLES'), ',NO_AUTO_VALUE_ON_ZERO'),  @@SESSION.sql_auto_is_null = 0, @@SESSION.wait_timeout = 2147483[0m
  [1m[35m (0.2ms)[0m  [1m[34mSELECT GET_LOCK('1889412250694455305', 0)[0m
  [1m[35m (0.2ms)[0m  [1m[34mSELECT `schema_migrations`.`version` FROM `schema_migrations` ORDER BY `schema_migrations`.`version` ASC[0m
  [1m[36mActiveRecord::InternalMetadata Load (0.3ms)[0m  [1m[34mSELECT `ar_internal_metadata`.* FROM `ar_internal_metadata` WHERE `ar_internal_metadata`.`key` = 'environment' LIMIT 1[0m
  [1m[35m (0.2ms)[0m  [1m[35mBEGIN[0m
  [1m[36mActiveRecord::InternalMetadata Update (0.4ms)[0m  [1m[33mUPDATE `ar_internal_metadata` SET `ar_internal_metadata`.`value` = 'development', `ar_internal_metadata`.`updated_at` = '2022-01-21 23:26:57.084231' WHERE `ar_internal_metadata`.`key` = 'environment'[0m
  [1m[35m (0.9ms)[0m  [1m[35mCOMMIT[0m
  [1m[35m (0.2ms)[0m  [1m[34mSELECT RELEASE_LOCK('1889412250694455305')[0m
  [1m[35m (0.2ms)[0m  [1m[35mSET NAMES utf8,  @@SESSION.sql_mode = CONCAT(CONCAT(@@sql_mode, ',STRICT_ALL_TABLES'), ',NO_AUTO_VALUE_ON_ZERO'),  @@SESSION.sql_auto_is_null = 0, @@SESSION.wait_timeout = 2147483[0m
  [1m[35m (0.3ms)[0m  [1m[34mSELECT `schema_migrations`.`version` FROM `schema_migrations` ORDER BY `schema_migrations`.`version` ASC[0m
  [1m[35m (0.5ms)[0m  [1m[35mSET NAMES utf8,  @@SESSION.sql_mode = CONCAT(CONCAT(@@sql_mode, ',STRICT_ALL_TABLES'), ',NO_AUTO_VALUE_ON_ZERO'),  @@SESSION.sql_auto_is_null = 0, @@SESSION.wait_timeout = 2147483[0m
  [1m[35m (0.5ms)[0m  [1m[34mSELECT `ar_internal_metadata`.`value` FROM `ar_internal_metadata` WHERE `ar_internal_metadata`.`key` = 'schema_sha1'[0m
  [1m[35m (0.4ms)[0m  [1m[35mSET NAMES utf8,  @@SESSION.sql_mode = CONCAT(CONCAT(@@sql_mode, ',STRICT_ALL_TABLES'), ',NO_AUTO_VALUE_ON_ZERO'),  @@SESSION.sql_auto_is_null = 0, @@SESSION.wait_timeout = 2147483[0m
  [1m[35m (0.4ms)[0m  [1m[34mSELECT `schema_migrations`.`version` FROM `schema_migrations` ORDER BY `schema_migrations`.`version` ASC[0m
  [1m[35m (0.4ms)[0m  [1m[35mBEGIN[0m
  [1m[35m (0.4ms)[0m  [1m[35mSAVEPOINT active_record_1[0m
  [1m[36mShortUrl Create (0.5ms)[0m  [1m[32mINSERT INTO `short_urls` (`full_url`, `created_at`, `updated_at`) VALUES ('https://www.beenverified.com/faq/', '2022-01-21 23:27:01.873610', '2022-01-21 23:27:01.873610')[0m
  [1m[35m (0.3ms)[0m  [1m[35mRELEASE SAVEPOINT active_record_1[0m
  [1m[36mShortUrl Load (0.5ms)[0m  [1m[34mSELECT `short_urls`.* FROM `short_urls` WHERE `short_urls`.`id` = 1 LIMIT 1[0m
  ↳ app/models/concerns/shortable.rb:30:in `find_by_short_code'
  [1m[35m (1.0ms)[0m  [1m[31mROLLBACK[0m
  [1m[35m (0.4ms)[0m  [1m[35mBEGIN[0m
  [1m[35m (2.2ms)[0m  [1m[31mROLLBACK[0m
  [1m[35m (0.4ms)[0m  [1m[35mBEGIN[0m
  [1m[35m (0.4ms)[0m  [1m[31mROLLBACK[0m
  [1m[35m (1.8ms)[0m  [1m[35mBEGIN[0m
  [1m[35m (0.4ms)[0m  [1m[31mROLLBACK[0m
  [1m[35m (0.3ms)[0m  [1m[35mBEGIN[0m
  [1m[35m (0.8ms)[0m  [1m[35mSAVEPOINT active_record_1[0m
  [1m[36mShortUrl Create (0.8ms)[0m  [1m[32mINSERT INTO `short_urls` (`full_url`, `created_at`, `updated_at`) VALUES ('https://www.beenverified.com/faq/', '2022-01-21 23:27:01.919848', '2022-01-21 23:27:01.919848')[0m
  [1m[35m (0.5ms)[0m  [1m[35mRELEASE SAVEPOINT active_record_1[0m
  [1m[35m (0.5ms)[0m  [1m[31mROLLBACK[0m
  [1m[35m (1.1ms)[0m  [1m[35mBEGIN[0m
  [1m[35m (0.6ms)[0m  [1m[35mSAVEPOINT active_record_1[0m
  [1m[36mShortUrl Create (0.5ms)[0m  [1m[32mINSERT INTO `short_urls` (`full_url`, `created_at`, `updated_at`) VALUES ('https://www.beenverified.com/faq/', '2022-01-21 23:27:01.943788', '2022-01-21 23:27:01.943788')[0m
  [1m[35m (0.3ms)[0m  [1m[35mRELEASE SAVEPOINT active_record_1[0m
  [1m[35m (0.4ms)[0m  [1m[31mROLLBACK[0m
  [1m[35m (0.9ms)[0m  [1m[35mBEGIN[0m
  [1m[35m (0.6ms)[0m  [1m[35mSAVEPOINT active_record_1[0m
  [1m[36mShortUrl Create (0.5ms)[0m  [1m[32mINSERT INTO `short_urls` (`full_url`, `created_at`, `updated_at`) VALUES ('https://www.beenverified.com/faq/', '2022-01-21 23:27:01.961556', '2022-01-21 23:27:01.961556')[0m
  [1m[35m (0.4ms)[0m  [1m[35mRELEASE SAVEPOINT active_record_1[0m
  [1m[35m (0.4ms)[0m  [1m[31mROLLBACK[0m
  [1m[35m (0.4ms)[0m  [1m[35mBEGIN[0m
  [1m[35m (0.3ms)[0m  [1m[35mSAVEPOINT active_record_1[0m
  [1m[36mShortUrl Create (0.4ms)[0m  [1m[32mINSERT INTO `short_urls` (`full_url`, `created_at`, `updated_at`) VALUES ('https://www.beenverified.com/faq/', '2022-01-21 23:27:01.996854', '2022-01-21 23:27:01.996854')[0m
  [1m[35m (0.4ms)[0m  [1m[35mRELEASE SAVEPOINT active_record_1[0m
  [1m[36mShortUrl Update (0.4ms)[0m  [1m[33mUPDATE `short_urls` SET `short_urls`.`id` = 1001 WHERE `short_urls`.`id` = 5[0m
  [1m[35m (0.5ms)[0m  [1m[31mROLLBACK[0m
  [1m[35m (0.8ms)[0m  [1m[35mBEGIN[0m
  [1m[35m (0.4ms)[0m  [1m[35mSAVEPOINT active_record_1[0m
  [1m[36mShortUrl Create (0.6ms)[0m  [1m[32mINSERT INTO `short_urls` (`full_url`, `created_at`, `updated_at`) VALUES ('https://www.beenverified.com/faq/', '2022-01-21 23:27:02.014102', '2022-01-21 23:27:02.014102')[0m
  [1m[35m (0.3ms)[0m  [1m[35mRELEASE SAVEPOINT active_record_1[0m
  [1m[36mShortUrl Update (0.5ms)[0m  [1m[33mUPDATE `short_urls` SET `short_urls`.`id` = 50 WHERE `short_urls`.`id` = 1002[0m
  [1m[35m (0.9ms)[0m  [1m[31mROLLBACK[0m
  [1m[35m (0.5ms)[0m  [1m[35mSET NAMES utf8,  @@SESSION.sql_mode = CONCAT(CONCAT(@@sql_mode, ',STRICT_ALL_TABLES'), ',NO_AUTO_VALUE_ON_ZERO'),  @@SESSION.sql_auto_is_null = 0, @@SESSION.wait_timeout = 2147483[0m
  [1m[35m (0.5ms)[0m  [1m[34mSELECT `schema_migrations`.`version` FROM `schema_migrations` ORDER BY `schema_migrations`.`version` ASC[0m
  [1m[35m (0.5ms)[0m  [1m[34mSELECT `ar_internal_metadata`.`value` FROM `ar_internal_metadata` WHERE `ar_internal_metadata`.`key` = 'environment'[0m
  [1m[35m (0.2ms)[0m  [1m[34mSELECT `schema_migrations`.`version` FROM `schema_migrations` ORDER BY `schema_migrations`.`version` ASC[0m
  [1m[35m (0.2ms)[0m  [1m[34mSELECT `ar_internal_metadata`.`value` FROM `ar_internal_metadata` WHERE `ar_internal_metadata`.`key` = 'environment'[0m
  [1m[35m (0.2ms)[0m  [1m[34mSELECT `schema_migrations`.`version` FROM `schema_migrations` ORDER BY `schema_migrations`.`version` ASC[0m
  [1m[35m (0.3ms)[0m  [1m[34mSELECT `ar_internal_metadata`.`value` FROM `ar_internal_metadata` WHERE `ar_internal_metadata`.`key` = 'environment'[0m
  [1m[35m (0.2ms)[0m  [1m[35mSET NAMES utf8,  @@SESSION.sql_mode = CONCAT(CONCAT(@@sql_mode, ',STRICT_ALL_TABLES'), ',NO_AUTO_VALUE_ON_ZERO'),  @@SESSION.sql_auto_is_null = 0, @@SESSION.wait_timeout = 2147483[0m
  [1m[35m (10.6ms)[0m  [1m[35mDROP DATABASE IF EXISTS `short_development`[0m
  [1m[35m (0.4ms)[0m  [1m[35mSET NAMES utf8,  @@SESSION.sql_mode = CONCAT(CONCAT(@@sql_mode, ',STRICT_ALL_TABLES'), ',NO_AUTO_VALUE_ON_ZERO'),  @@SESSION.sql_auto_is_null = 0, @@SESSION.wait_timeout = 2147483[0m
  [1m[35m (0.4ms)[0m  [1m[35mCREATE DATABASE `short_development` DEFAULT CHARACTER SET `utf8`[0m
  [1m[35m (0.4ms)[0m  [1m[35mSET NAMES utf8,  @@SESSION.sql_mode = CONCAT(CONCAT(@@sql_mode, ',STRICT_ALL_TABLES'), ',NO_AUTO_VALUE_ON_ZERO'),  @@SESSION.sql_auto_is_null = 0, @@SESSION.wait_timeout = 2147483[0m
  [1m[35m (2.7ms)[0m  [1m[35mCREATE DATABASE `short_development` DEFAULT CHARACTER SET `utf8`[0m
  [1m[35m (0.6ms)[0m  [1m[35mSET NAMES utf8,  @@SESSION.sql_mode = CONCAT(CONCAT(@@sql_mode, ',STRICT_ALL_TABLES'), ',NO_AUTO_VALUE_ON_ZERO'),  @@SESSION.sql_auto_is_null = 0, @@SESSION.wait_timeout = 2147483[0m
  [1m[35m (3.4ms)[0m  [1m[35mDROP TABLE IF EXISTS `short_urls` CASCADE[0m
  [1m[35m (8.9ms)[0m  [1m[35mCREATE TABLE `short_urls` (`id` bigint NOT NULL AUTO_INCREMENT PRIMARY KEY, `full_url` varchar(255), `title` varchar(255), `click_count` int DEFAULT 0, `created_at` datetime(6) NOT NULL, `updated_at` datetime(6) NOT NULL,  INDEX `index_short_urls_on_full_url`  (`full_url`)) ENGINE=InnoDB DEFAULT CHARSET=utf8mb4[0m
  [1m[35m (5.9ms)[0m  [1m[35mCREATE TABLE `schema_migrations` (`version` varchar(255) NOT NULL PRIMARY KEY)[0m
  [1m[35m (0.2ms)[0m  [1m[34mSELECT `schema_migrations`.`version` FROM `schema_migrations` ORDER BY `schema_migrations`.`version` ASC[0m
  [1m[35m (2.2ms)[0m  [1m[32mINSERT INTO `schema_migrations` (version) VALUES (20190923133432)[0m
  [1m[35m (7.4ms)[0m  [1m[35mCREATE TABLE `ar_internal_metadata` (`key` varchar(255) NOT NULL PRIMARY KEY, `value` varchar(255), `created_at` datetime(6) NOT NULL, `updated_at` datetime(6) NOT NULL)[0m
  [1m[36mActiveRecord::InternalMetadata Load (0.7ms)[0m  [1m[34mSELECT `ar_internal_metadata`.* FROM `ar_internal_metadata` WHERE `ar_internal_metadata`.`key` = 'environment' LIMIT 1[0m
  [1m[35m (0.1ms)[0m  [1m[35mBEGIN[0m
  [1m[36mActiveRecord::InternalMetadata Create (0.3ms)[0m  [1m[32mINSERT INTO `ar_internal_metadata` (`key`, `value`, `created_at`, `updated_at`) VALUES ('environment', 'development', '2022-01-21 23:28:20.374848', '2022-01-21 23:28:20.374848')[0m
  [1m[35m (0.8ms)[0m  [1m[35mCOMMIT[0m
  [1m[36mActiveRecord::InternalMetadata Load (0.4ms)[0m  [1m[34mSELECT `ar_internal_metadata`.* FROM `ar_internal_metadata` WHERE `ar_internal_metadata`.`key` = 'environment' LIMIT 1[0m
  [1m[36mActiveRecord::InternalMetadata Load (0.6ms)[0m  [1m[34mSELECT `ar_internal_metadata`.* FROM `ar_internal_metadata` WHERE `ar_internal_metadata`.`key` = 'schema_sha1' LIMIT 1[0m
  [1m[35m (0.3ms)[0m  [1m[35mBEGIN[0m
  [1m[36mActiveRecord::InternalMetadata Create (0.9ms)[0m  [1m[32mINSERT INTO `ar_internal_metadata` (`key`, `value`, `created_at`, `updated_at`) VALUES ('schema_sha1', '02cc98f8276f8fb30c31cefd8ee4a711578852bc', '2022-01-21 23:28:20.388249', '2022-01-21 23:28:20.388249')[0m
  [1m[35m (0.9ms)[0m  [1m[35mCOMMIT[0m
  [1m[35m (0.3ms)[0m  [1m[35mSET NAMES utf8,  @@SESSION.sql_mode = CONCAT(CONCAT(@@sql_mode, ',STRICT_ALL_TABLES'), ',NO_AUTO_VALUE_ON_ZERO'),  @@SESSION.sql_auto_is_null = 0, @@SESSION.wait_timeout = 2147483[0m
  [1m[35m (4.4ms)[0m  [1m[35mDROP TABLE IF EXISTS `short_urls` CASCADE[0m
  [1m[35m (7.1ms)[0m  [1m[35mCREATE TABLE `short_urls` (`id` bigint NOT NULL AUTO_INCREMENT PRIMARY KEY, `full_url` varchar(255), `title` varchar(255), `click_count` int DEFAULT 0, `created_at` datetime(6) NOT NULL, `updated_at` datetime(6) NOT NULL,  INDEX `index_short_urls_on_full_url`  (`full_url`)) ENGINE=InnoDB DEFAULT CHARSET=utf8mb4[0m
  [1m[35m (0.3ms)[0m  [1m[34mSELECT `schema_migrations`.`version` FROM `schema_migrations` ORDER BY `schema_migrations`.`version` ASC[0m
  [1m[36mActiveRecord::InternalMetadata Load (0.4ms)[0m  [1m[34mSELECT `ar_internal_metadata`.* FROM `ar_internal_metadata` WHERE `ar_internal_metadata`.`key` = 'environment' LIMIT 1[0m
  [1m[36mActiveRecord::InternalMetadata Load (0.3ms)[0m  [1m[34mSELECT `ar_internal_metadata`.* FROM `ar_internal_metadata` WHERE `ar_internal_metadata`.`key` = 'environment' LIMIT 1[0m
  [1m[35m (0.3ms)[0m  [1m[35mBEGIN[0m
  [1m[36mActiveRecord::InternalMetadata Update (0.5ms)[0m  [1m[33mUPDATE `ar_internal_metadata` SET `ar_internal_metadata`.`value` = 'test', `ar_internal_metadata`.`updated_at` = '2022-01-21 23:28:20.425886' WHERE `ar_internal_metadata`.`key` = 'environment'[0m
  [1m[35m (0.7ms)[0m  [1m[35mCOMMIT[0m
  [1m[36mActiveRecord::InternalMetadata Load (0.5ms)[0m  [1m[34mSELECT `ar_internal_metadata`.* FROM `ar_internal_metadata` WHERE `ar_internal_metadata`.`key` = 'schema_sha1' LIMIT 1[0m
  [1m[35m (0.4ms)[0m  [1m[35mSET NAMES utf8,  @@SESSION.sql_mode = CONCAT(CONCAT(@@sql_mode, ',STRICT_ALL_TABLES'), ',NO_AUTO_VALUE_ON_ZERO'),  @@SESSION.sql_auto_is_null = 0, @@SESSION.wait_timeout = 2147483[0m
  [1m[35m (0.4ms)[0m  [1m[34mSELECT `schema_migrations`.`version` FROM `schema_migrations` ORDER BY `schema_migrations`.`version` ASC[0m
  [1m[35m (0.4ms)[0m  [1m[35mSET NAMES utf8,  @@SESSION.sql_mode = CONCAT(CONCAT(@@sql_mode, ',STRICT_ALL_TABLES'), ',NO_AUTO_VALUE_ON_ZERO'),  @@SESSION.sql_auto_is_null = 0, @@SESSION.wait_timeout = 2147483[0m
  [1m[35m (0.4ms)[0m  [1m[35mSET NAMES utf8,  @@SESSION.sql_mode = CONCAT(CONCAT(@@sql_mode, ',STRICT_ALL_TABLES'), ',NO_AUTO_VALUE_ON_ZERO'),  @@SESSION.sql_auto_is_null = 0, @@SESSION.wait_timeout = 2147483[0m
  [1m[35m (0.4ms)[0m  [1m[34mSELECT GET_LOCK('1889412250694455305', 0)[0m
  [1m[35m (0.3ms)[0m  [1m[34mSELECT `schema_migrations`.`version` FROM `schema_migrations` ORDER BY `schema_migrations`.`version` ASC[0m
  [1m[36mActiveRecord::InternalMetadata Load (0.4ms)[0m  [1m[34mSELECT `ar_internal_metadata`.* FROM `ar_internal_metadata` WHERE `ar_internal_metadata`.`key` = 'environment' LIMIT 1[0m
  [1m[35m (0.3ms)[0m  [1m[35mBEGIN[0m
  [1m[36mActiveRecord::InternalMetadata Update (0.5ms)[0m  [1m[33mUPDATE `ar_internal_metadata` SET `ar_internal_metadata`.`value` = 'development', `ar_internal_metadata`.`updated_at` = '2022-01-21 23:28:20.466092' WHERE `ar_internal_metadata`.`key` = 'environment'[0m
  [1m[35m (1.1ms)[0m  [1m[35mCOMMIT[0m
  [1m[35m (0.6ms)[0m  [1m[34mSELECT RELEASE_LOCK('1889412250694455305')[0m
  [1m[35m (0.3ms)[0m  [1m[35mSET NAMES utf8,  @@SESSION.sql_mode = CONCAT(CONCAT(@@sql_mode, ',STRICT_ALL_TABLES'), ',NO_AUTO_VALUE_ON_ZERO'),  @@SESSION.sql_auto_is_null = 0, @@SESSION.wait_timeout = 2147483[0m
  [1m[35m (0.4ms)[0m  [1m[34mSELECT `schema_migrations`.`version` FROM `schema_migrations` ORDER BY `schema_migrations`.`version` ASC[0m
  [1m[35m (0.7ms)[0m  [1m[35mSET NAMES utf8,  @@SESSION.sql_mode = CONCAT(CONCAT(@@sql_mode, ',STRICT_ALL_TABLES'), ',NO_AUTO_VALUE_ON_ZERO'),  @@SESSION.sql_auto_is_null = 0, @@SESSION.wait_timeout = 2147483[0m
  [1m[35m (0.4ms)[0m  [1m[34mSELECT `ar_internal_metadata`.`value` FROM `ar_internal_metadata` WHERE `ar_internal_metadata`.`key` = 'schema_sha1'[0m
  [1m[35m (0.4ms)[0m  [1m[35mSET NAMES utf8,  @@SESSION.sql_mode = CONCAT(CONCAT(@@sql_mode, ',STRICT_ALL_TABLES'), ',NO_AUTO_VALUE_ON_ZERO'),  @@SESSION.sql_auto_is_null = 0, @@SESSION.wait_timeout = 2147483[0m
  [1m[35m (0.3ms)[0m  [1m[34mSELECT `schema_migrations`.`version` FROM `schema_migrations` ORDER BY `schema_migrations`.`version` ASC[0m
  [1m[35m (0.3ms)[0m  [1m[35mBEGIN[0m
  [1m[35m (0.4ms)[0m  [1m[35mSAVEPOINT active_record_1[0m
  [1m[36mShortUrl Create (0.4ms)[0m  [1m[32mINSERT INTO `short_urls` (`full_url`, `created_at`, `updated_at`) VALUES ('https://www.beenverified.com/faq/', '2022-01-21 23:28:25.535028', '2022-01-21 23:28:25.535028')[0m
  [1m[35m (0.3ms)[0m  [1m[35mRELEASE SAVEPOINT active_record_1[0m
  [1m[36mShortUrl Load (0.5ms)[0m  [1m[34mSELECT `short_urls`.* FROM `short_urls` WHERE `short_urls`.`id` = 1 LIMIT 1[0m
  ↳ app/models/concerns/shortable.rb:31:in `find_by_short_code'
  [1m[35m (0.7ms)[0m  [1m[31mROLLBACK[0m
  [1m[35m (0.3ms)[0m  [1m[35mBEGIN[0m
  [1m[35m (0.3ms)[0m  [1m[31mROLLBACK[0m
  [1m[35m (0.7ms)[0m  [1m[35mBEGIN[0m
  [1m[35m (0.8ms)[0m  [1m[31mROLLBACK[0m
  [1m[35m (2.4ms)[0m  [1m[35mBEGIN[0m
  [1m[35m (0.4ms)[0m  [1m[31mROLLBACK[0m
  [1m[35m (0.6ms)[0m  [1m[35mBEGIN[0m
  [1m[35m (0.7ms)[0m  [1m[35mSAVEPOINT active_record_1[0m
  [1m[36mShortUrl Create (0.5ms)[0m  [1m[32mINSERT INTO `short_urls` (`full_url`, `created_at`, `updated_at`) VALUES ('https://www.beenverified.com/faq/', '2022-01-21 23:28:25.586421', '2022-01-21 23:28:25.586421')[0m
  [1m[35m (0.3ms)[0m  [1m[35mRELEASE SAVEPOINT active_record_1[0m
  [1m[35m (0.5ms)[0m  [1m[31mROLLBACK[0m
  [1m[35m (0.5ms)[0m  [1m[35mBEGIN[0m
  [1m[35m (0.6ms)[0m  [1m[35mSAVEPOINT active_record_1[0m
  [1m[36mShortUrl Create (0.7ms)[0m  [1m[32mINSERT INTO `short_urls` (`full_url`, `created_at`, `updated_at`) VALUES ('https://www.beenverified.com/faq/', '2022-01-21 23:28:25.614172', '2022-01-21 23:28:25.614172')[0m
  [1m[35m (0.3ms)[0m  [1m[35mRELEASE SAVEPOINT active_record_1[0m
  [1m[35m (0.2ms)[0m  [1m[31mROLLBACK[0m
  [1m[35m (0.4ms)[0m  [1m[35mBEGIN[0m
  [1m[35m (0.4ms)[0m  [1m[35mSAVEPOINT active_record_1[0m
  [1m[36mShortUrl Create (0.5ms)[0m  [1m[32mINSERT INTO `short_urls` (`full_url`, `created_at`, `updated_at`) VALUES ('https://www.beenverified.com/faq/', '2022-01-21 23:28:25.636900', '2022-01-21 23:28:25.636900')[0m
  [1m[35m (0.3ms)[0m  [1m[35mRELEASE SAVEPOINT active_record_1[0m
  [1m[35m (0.4ms)[0m  [1m[31mROLLBACK[0m
  [1m[35m (0.3ms)[0m  [1m[35mBEGIN[0m
  [1m[35m (0.5ms)[0m  [1m[35mSAVEPOINT active_record_1[0m
  [1m[36mShortUrl Create (0.6ms)[0m  [1m[32mINSERT INTO `short_urls` (`full_url`, `created_at`, `updated_at`) VALUES ('https://www.beenverified.com/faq/', '2022-01-21 23:28:25.681688', '2022-01-21 23:28:25.681688')[0m
  [1m[35m (0.4ms)[0m  [1m[35mRELEASE SAVEPOINT active_record_1[0m
  [1m[36mShortUrl Update (0.6ms)[0m  [1m[33mUPDATE `short_urls` SET `short_urls`.`id` = 1001 WHERE `short_urls`.`id` = 5[0m
  [1m[35m (0.6ms)[0m  [1m[31mROLLBACK[0m
  [1m[35m (0.4ms)[0m  [1m[35mBEGIN[0m
  [1m[35m (0.4ms)[0m  [1m[35mSAVEPOINT active_record_1[0m
  [1m[36mShortUrl Create (0.5ms)[0m  [1m[32mINSERT INTO `short_urls` (`full_url`, `created_at`, `updated_at`) VALUES ('https://www.beenverified.com/faq/', '2022-01-21 23:28:25.713367', '2022-01-21 23:28:25.713367')[0m
  [1m[35m (0.3ms)[0m  [1m[35mRELEASE SAVEPOINT active_record_1[0m
  [1m[36mShortUrl Update (0.5ms)[0m  [1m[33mUPDATE `short_urls` SET `short_urls`.`id` = 50 WHERE `short_urls`.`id` = 1002[0m
  [1m[35m (0.3ms)[0m  [1m[31mROLLBACK[0m
  [1m[35m (1.8ms)[0m  [1m[35mSET NAMES utf8,  @@SESSION.sql_mode = CONCAT(CONCAT(@@sql_mode, ',STRICT_ALL_TABLES'), ',NO_AUTO_VALUE_ON_ZERO'),  @@SESSION.sql_auto_is_null = 0, @@SESSION.wait_timeout = 2147483[0m
  [1m[35m (0.3ms)[0m  [1m[34mSELECT `schema_migrations`.`version` FROM `schema_migrations` ORDER BY `schema_migrations`.`version` ASC[0m
  [1m[35m (0.6ms)[0m  [1m[34mSELECT `ar_internal_metadata`.`value` FROM `ar_internal_metadata` WHERE `ar_internal_metadata`.`key` = 'environment'[0m
  [1m[35m (0.2ms)[0m  [1m[34mSELECT `schema_migrations`.`version` FROM `schema_migrations` ORDER BY `schema_migrations`.`version` ASC[0m
  [1m[35m (0.3ms)[0m  [1m[34mSELECT `ar_internal_metadata`.`value` FROM `ar_internal_metadata` WHERE `ar_internal_metadata`.`key` = 'environment'[0m
  [1m[35m (0.3ms)[0m  [1m[34mSELECT `schema_migrations`.`version` FROM `schema_migrations` ORDER BY `schema_migrations`.`version` ASC[0m
  [1m[35m (0.2ms)[0m  [1m[34mSELECT `ar_internal_metadata`.`value` FROM `ar_internal_metadata` WHERE `ar_internal_metadata`.`key` = 'environment'[0m
  [1m[35m (0.4ms)[0m  [1m[35mSET NAMES utf8,  @@SESSION.sql_mode = CONCAT(CONCAT(@@sql_mode, ',STRICT_ALL_TABLES'), ',NO_AUTO_VALUE_ON_ZERO'),  @@SESSION.sql_auto_is_null = 0, @@SESSION.wait_timeout = 2147483[0m
  [1m[35m (11.2ms)[0m  [1m[35mDROP DATABASE IF EXISTS `short_development`[0m
  [1m[35m (0.8ms)[0m  [1m[35mSET NAMES utf8,  @@SESSION.sql_mode = CONCAT(CONCAT(@@sql_mode, ',STRICT_ALL_TABLES'), ',NO_AUTO_VALUE_ON_ZERO'),  @@SESSION.sql_auto_is_null = 0, @@SESSION.wait_timeout = 2147483[0m
  [1m[35m (1.1ms)[0m  [1m[35mCREATE DATABASE `short_development` DEFAULT CHARACTER SET `utf8`[0m
  [1m[35m (0.4ms)[0m  [1m[35mSET NAMES utf8,  @@SESSION.sql_mode = CONCAT(CONCAT(@@sql_mode, ',STRICT_ALL_TABLES'), ',NO_AUTO_VALUE_ON_ZERO'),  @@SESSION.sql_auto_is_null = 0, @@SESSION.wait_timeout = 2147483[0m
  [1m[35m (0.6ms)[0m  [1m[35mCREATE DATABASE `short_development` DEFAULT CHARACTER SET `utf8`[0m
  [1m[35m (0.7ms)[0m  [1m[35mSET NAMES utf8,  @@SESSION.sql_mode = CONCAT(CONCAT(@@sql_mode, ',STRICT_ALL_TABLES'), ',NO_AUTO_VALUE_ON_ZERO'),  @@SESSION.sql_auto_is_null = 0, @@SESSION.wait_timeout = 2147483[0m
  [1m[35m (3.3ms)[0m  [1m[35mDROP TABLE IF EXISTS `short_urls` CASCADE[0m
  [1m[35m (10.5ms)[0m  [1m[35mCREATE TABLE `short_urls` (`id` bigint NOT NULL AUTO_INCREMENT PRIMARY KEY, `full_url` varchar(255), `title` varchar(255), `click_count` int DEFAULT 0, `created_at` datetime(6) NOT NULL, `updated_at` datetime(6) NOT NULL,  INDEX `index_short_urls_on_full_url`  (`full_url`)) ENGINE=InnoDB DEFAULT CHARSET=utf8mb4[0m
  [1m[35m (5.4ms)[0m  [1m[35mCREATE TABLE `schema_migrations` (`version` varchar(255) NOT NULL PRIMARY KEY)[0m
  [1m[35m (0.5ms)[0m  [1m[34mSELECT `schema_migrations`.`version` FROM `schema_migrations` ORDER BY `schema_migrations`.`version` ASC[0m
  [1m[35m (1.0ms)[0m  [1m[32mINSERT INTO `schema_migrations` (version) VALUES (20190923133432)[0m
  [1m[35m (5.9ms)[0m  [1m[35mCREATE TABLE `ar_internal_metadata` (`key` varchar(255) NOT NULL PRIMARY KEY, `value` varchar(255), `created_at` datetime(6) NOT NULL, `updated_at` datetime(6) NOT NULL)[0m
  [1m[36mActiveRecord::InternalMetadata Load (0.7ms)[0m  [1m[34mSELECT `ar_internal_metadata`.* FROM `ar_internal_metadata` WHERE `ar_internal_metadata`.`key` = 'environment' LIMIT 1[0m
  [1m[35m (0.3ms)[0m  [1m[35mBEGIN[0m
  [1m[36mActiveRecord::InternalMetadata Create (0.7ms)[0m  [1m[32mINSERT INTO `ar_internal_metadata` (`key`, `value`, `created_at`, `updated_at`) VALUES ('environment', 'development', '2022-01-21 23:29:35.370035', '2022-01-21 23:29:35.370035')[0m
  [1m[35m (0.8ms)[0m  [1m[35mCOMMIT[0m
  [1m[36mActiveRecord::InternalMetadata Load (0.3ms)[0m  [1m[34mSELECT `ar_internal_metadata`.* FROM `ar_internal_metadata` WHERE `ar_internal_metadata`.`key` = 'environment' LIMIT 1[0m
  [1m[36mActiveRecord::InternalMetadata Load (0.4ms)[0m  [1m[34mSELECT `ar_internal_metadata`.* FROM `ar_internal_metadata` WHERE `ar_internal_metadata`.`key` = 'schema_sha1' LIMIT 1[0m
  [1m[35m (0.3ms)[0m  [1m[35mBEGIN[0m
  [1m[36mActiveRecord::InternalMetadata Create (1.1ms)[0m  [1m[32mINSERT INTO `ar_internal_metadata` (`key`, `value`, `created_at`, `updated_at`) VALUES ('schema_sha1', '02cc98f8276f8fb30c31cefd8ee4a711578852bc', '2022-01-21 23:29:35.387219', '2022-01-21 23:29:35.387219')[0m
  [1m[35m (0.8ms)[0m  [1m[35mCOMMIT[0m
  [1m[35m (0.4ms)[0m  [1m[35mSET NAMES utf8,  @@SESSION.sql_mode = CONCAT(CONCAT(@@sql_mode, ',STRICT_ALL_TABLES'), ',NO_AUTO_VALUE_ON_ZERO'),  @@SESSION.sql_auto_is_null = 0, @@SESSION.wait_timeout = 2147483[0m
  [1m[35m (3.9ms)[0m  [1m[35mDROP TABLE IF EXISTS `short_urls` CASCADE[0m
  [1m[35m (6.0ms)[0m  [1m[35mCREATE TABLE `short_urls` (`id` bigint NOT NULL AUTO_INCREMENT PRIMARY KEY, `full_url` varchar(255), `title` varchar(255), `click_count` int DEFAULT 0, `created_at` datetime(6) NOT NULL, `updated_at` datetime(6) NOT NULL,  INDEX `index_short_urls_on_full_url`  (`full_url`)) ENGINE=InnoDB DEFAULT CHARSET=utf8mb4[0m
  [1m[35m (0.2ms)[0m  [1m[34mSELECT `schema_migrations`.`version` FROM `schema_migrations` ORDER BY `schema_migrations`.`version` ASC[0m
  [1m[36mActiveRecord::InternalMetadata Load (0.2ms)[0m  [1m[34mSELECT `ar_internal_metadata`.* FROM `ar_internal_metadata` WHERE `ar_internal_metadata`.`key` = 'environment' LIMIT 1[0m
  [1m[36mActiveRecord::InternalMetadata Load (0.2ms)[0m  [1m[34mSELECT `ar_internal_metadata`.* FROM `ar_internal_metadata` WHERE `ar_internal_metadata`.`key` = 'environment' LIMIT 1[0m
  [1m[35m (0.2ms)[0m  [1m[35mBEGIN[0m
  [1m[36mActiveRecord::InternalMetadata Update (0.3ms)[0m  [1m[33mUPDATE `ar_internal_metadata` SET `ar_internal_metadata`.`value` = 'test', `ar_internal_metadata`.`updated_at` = '2022-01-21 23:29:35.429459' WHERE `ar_internal_metadata`.`key` = 'environment'[0m
  [1m[35m (0.7ms)[0m  [1m[35mCOMMIT[0m
  [1m[36mActiveRecord::InternalMetadata Load (0.5ms)[0m  [1m[34mSELECT `ar_internal_metadata`.* FROM `ar_internal_metadata` WHERE `ar_internal_metadata`.`key` = 'schema_sha1' LIMIT 1[0m
  [1m[35m (0.2ms)[0m  [1m[35mSET NAMES utf8,  @@SESSION.sql_mode = CONCAT(CONCAT(@@sql_mode, ',STRICT_ALL_TABLES'), ',NO_AUTO_VALUE_ON_ZERO'),  @@SESSION.sql_auto_is_null = 0, @@SESSION.wait_timeout = 2147483[0m
  [1m[35m (0.3ms)[0m  [1m[34mSELECT `schema_migrations`.`version` FROM `schema_migrations` ORDER BY `schema_migrations`.`version` ASC[0m
  [1m[35m (0.2ms)[0m  [1m[35mSET NAMES utf8,  @@SESSION.sql_mode = CONCAT(CONCAT(@@sql_mode, ',STRICT_ALL_TABLES'), ',NO_AUTO_VALUE_ON_ZERO'),  @@SESSION.sql_auto_is_null = 0, @@SESSION.wait_timeout = 2147483[0m
  [1m[35m (0.2ms)[0m  [1m[35mSET NAMES utf8,  @@SESSION.sql_mode = CONCAT(CONCAT(@@sql_mode, ',STRICT_ALL_TABLES'), ',NO_AUTO_VALUE_ON_ZERO'),  @@SESSION.sql_auto_is_null = 0, @@SESSION.wait_timeout = 2147483[0m
  [1m[35m (0.2ms)[0m  [1m[34mSELECT GET_LOCK('1889412250694455305', 0)[0m
  [1m[35m (0.4ms)[0m  [1m[34mSELECT `schema_migrations`.`version` FROM `schema_migrations` ORDER BY `schema_migrations`.`version` ASC[0m
  [1m[36mActiveRecord::InternalMetadata Load (0.5ms)[0m  [1m[34mSELECT `ar_internal_metadata`.* FROM `ar_internal_metadata` WHERE `ar_internal_metadata`.`key` = 'environment' LIMIT 1[0m
  [1m[35m (0.3ms)[0m  [1m[35mBEGIN[0m
  [1m[36mActiveRecord::InternalMetadata Update (0.4ms)[0m  [1m[33mUPDATE `ar_internal_metadata` SET `ar_internal_metadata`.`value` = 'development', `ar_internal_metadata`.`updated_at` = '2022-01-21 23:29:35.467812' WHERE `ar_internal_metadata`.`key` = 'environment'[0m
  [1m[35m (1.0ms)[0m  [1m[35mCOMMIT[0m
  [1m[35m (0.3ms)[0m  [1m[34mSELECT RELEASE_LOCK('1889412250694455305')[0m
  [1m[35m (0.3ms)[0m  [1m[35mSET NAMES utf8,  @@SESSION.sql_mode = CONCAT(CONCAT(@@sql_mode, ',STRICT_ALL_TABLES'), ',NO_AUTO_VALUE_ON_ZERO'),  @@SESSION.sql_auto_is_null = 0, @@SESSION.wait_timeout = 2147483[0m
  [1m[35m (0.3ms)[0m  [1m[34mSELECT `schema_migrations`.`version` FROM `schema_migrations` ORDER BY `schema_migrations`.`version` ASC[0m
  [1m[35m (0.5ms)[0m  [1m[35mSET NAMES utf8,  @@SESSION.sql_mode = CONCAT(CONCAT(@@sql_mode, ',STRICT_ALL_TABLES'), ',NO_AUTO_VALUE_ON_ZERO'),  @@SESSION.sql_auto_is_null = 0, @@SESSION.wait_timeout = 2147483[0m
  [1m[35m (0.6ms)[0m  [1m[34mSELECT `ar_internal_metadata`.`value` FROM `ar_internal_metadata` WHERE `ar_internal_metadata`.`key` = 'schema_sha1'[0m
  [1m[35m (0.5ms)[0m  [1m[35mSET NAMES utf8,  @@SESSION.sql_mode = CONCAT(CONCAT(@@sql_mode, ',STRICT_ALL_TABLES'), ',NO_AUTO_VALUE_ON_ZERO'),  @@SESSION.sql_auto_is_null = 0, @@SESSION.wait_timeout = 2147483[0m
  [1m[35m (0.4ms)[0m  [1m[34mSELECT `schema_migrations`.`version` FROM `schema_migrations` ORDER BY `schema_migrations`.`version` ASC[0m
  [1m[35m (0.2ms)[0m  [1m[35mBEGIN[0m
  [1m[35m (0.3ms)[0m  [1m[35mSAVEPOINT active_record_1[0m
  [1m[36mShortUrl Create (0.4ms)[0m  [1m[32mINSERT INTO `short_urls` (`full_url`, `created_at`, `updated_at`) VALUES ('https://www.beenverified.com/faq/', '2022-01-21 23:29:41.972747', '2022-01-21 23:29:41.972747')[0m
  [1m[35m (0.2ms)[0m  [1m[35mRELEASE SAVEPOINT active_record_1[0m
  [1m[36mShortUrl Load (0.3ms)[0m  [1m[34mSELECT `short_urls`.* FROM `short_urls` WHERE `short_urls`.`id` = 1 LIMIT 1[0m
  ↳ app/models/concerns/shortable.rb:31:in `find_by_short_code'
  [1m[35m (0.3ms)[0m  [1m[31mROLLBACK[0m
  [1m[35m (0.3ms)[0m  [1m[35mBEGIN[0m
  [1m[35m (0.2ms)[0m  [1m[31mROLLBACK[0m
  [1m[35m (0.1ms)[0m  [1m[35mBEGIN[0m
  [1m[35m (0.2ms)[0m  [1m[31mROLLBACK[0m
  [1m[35m (0.1ms)[0m  [1m[35mBEGIN[0m
  [1m[35m (0.2ms)[0m  [1m[31mROLLBACK[0m
  [1m[35m (0.3ms)[0m  [1m[35mBEGIN[0m
  [1m[35m (0.2ms)[0m  [1m[35mSAVEPOINT active_record_1[0m
  [1m[36mShortUrl Create (0.3ms)[0m  [1m[32mINSERT INTO `short_urls` (`full_url`, `created_at`, `updated_at`) VALUES ('https://www.beenverified.com/faq/', '2022-01-21 23:29:42.014844', '2022-01-21 23:29:42.014844')[0m
  [1m[35m (0.2ms)[0m  [1m[35mRELEASE SAVEPOINT active_record_1[0m
  [1m[35m (0.5ms)[0m  [1m[31mROLLBACK[0m
  [1m[35m (0.7ms)[0m  [1m[35mBEGIN[0m
  [1m[35m (0.5ms)[0m  [1m[35mSAVEPOINT active_record_1[0m
  [1m[36mShortUrl Create (0.5ms)[0m  [1m[32mINSERT INTO `short_urls` (`full_url`, `created_at`, `updated_at`) VALUES ('https://www.beenverified.com/faq/', '2022-01-21 23:29:42.030248', '2022-01-21 23:29:42.030248')[0m
  [1m[35m (0.2ms)[0m  [1m[35mRELEASE SAVEPOINT active_record_1[0m
  [1m[35m (3.3ms)[0m  [1m[31mROLLBACK[0m
  [1m[35m (0.4ms)[0m  [1m[35mBEGIN[0m
  [1m[35m (0.4ms)[0m  [1m[35mSAVEPOINT active_record_1[0m
  [1m[36mShortUrl Create (1.0ms)[0m  [1m[32mINSERT INTO `short_urls` (`full_url`, `created_at`, `updated_at`) VALUES ('https://www.beenverified.com/faq/', '2022-01-21 23:29:42.056270', '2022-01-21 23:29:42.056270')[0m
  [1m[35m (0.2ms)[0m  [1m[35mRELEASE SAVEPOINT active_record_1[0m
  [1m[35m (0.3ms)[0m  [1m[31mROLLBACK[0m
  [1m[35m (0.2ms)[0m  [1m[35mBEGIN[0m
  [1m[35m (0.6ms)[0m  [1m[35mSAVEPOINT active_record_1[0m
  [1m[36mShortUrl Create (0.7ms)[0m  [1m[32mINSERT INTO `short_urls` (`full_url`, `created_at`, `updated_at`) VALUES ('https://www.beenverified.com/faq/', '2022-01-21 23:29:42.108149', '2022-01-21 23:29:42.108149')[0m
  [1m[35m (0.3ms)[0m  [1m[35mRELEASE SAVEPOINT active_record_1[0m
  [1m[36mShortUrl Update (0.5ms)[0m  [1m[33mUPDATE `short_urls` SET `short_urls`.`id` = 1001 WHERE `short_urls`.`id` = 5[0m
  [1m[35m (0.4ms)[0m  [1m[31mROLLBACK[0m
  [1m[35m (0.2ms)[0m  [1m[35mBEGIN[0m
  [1m[35m (0.2ms)[0m  [1m[35mSAVEPOINT active_record_1[0m
  [1m[36mShortUrl Create (0.4ms)[0m  [1m[32mINSERT INTO `short_urls` (`full_url`, `created_at`, `updated_at`) VALUES ('https://www.beenverified.com/faq/', '2022-01-21 23:29:42.127069', '2022-01-21 23:29:42.127069')[0m
  [1m[35m (0.2ms)[0m  [1m[35mRELEASE SAVEPOINT active_record_1[0m
  [1m[36mShortUrl Update (0.3ms)[0m  [1m[33mUPDATE `short_urls` SET `short_urls`.`id` = 50 WHERE `short_urls`.`id` = 1002[0m
  [1m[35m (0.2ms)[0m  [1m[31mROLLBACK[0m
  [1m[35m (0.5ms)[0m  [1m[35mSET NAMES utf8,  @@SESSION.sql_mode = CONCAT(CONCAT(@@sql_mode, ',STRICT_ALL_TABLES'), ',NO_AUTO_VALUE_ON_ZERO'),  @@SESSION.sql_auto_is_null = 0, @@SESSION.wait_timeout = 2147483[0m
  [1m[35m (7.1ms)[0m  [1m[35mCREATE TABLE `schema_migrations` (`version` varchar(255) NOT NULL PRIMARY KEY)[0m
  [1m[35m (6.0ms)[0m  [1m[35mCREATE TABLE `ar_internal_metadata` (`key` varchar(255) NOT NULL PRIMARY KEY, `value` varchar(255), `created_at` datetime(6) NOT NULL, `updated_at` datetime(6) NOT NULL)[0m
  [1m[35m (0.2ms)[0m  [1m[35mSET NAMES utf8,  @@SESSION.sql_mode = CONCAT(CONCAT(@@sql_mode, ',STRICT_ALL_TABLES'), ',NO_AUTO_VALUE_ON_ZERO'),  @@SESSION.sql_auto_is_null = 0, @@SESSION.wait_timeout = 2147483[0m
  [1m[35m (0.3ms)[0m  [1m[34mSELECT GET_LOCK('1889412250694455305', 0)[0m
  [1m[35m (0.6ms)[0m  [1m[34mSELECT `schema_migrations`.`version` FROM `schema_migrations` ORDER BY `schema_migrations`.`version` ASC[0m
Migrating to CreateShortUrls (20190923133432)
  [1m[35m (10.5ms)[0m  [1m[35mCREATE TABLE `short_urls` (`id` bigint NOT NULL AUTO_INCREMENT PRIMARY KEY, `full_url` varchar(255), `title` varchar(255), `click_count` int DEFAULT 0, `created_at` datetime(6) NOT NULL, `updated_at` datetime(6) NOT NULL,  INDEX `index_short_urls_on_full_url`  (`full_url`))[0m
  [1m[35m (0.6ms)[0m  [1m[35mBEGIN[0m
  [1m[36mprimary::SchemaMigration Create (0.4ms)[0m  [1m[32mINSERT INTO `schema_migrations` (`version`) VALUES ('20190923133432')[0m
  [1m[35m (1.1ms)[0m  [1m[35mCOMMIT[0m
  [1m[36mActiveRecord::InternalMetadata Load (0.5ms)[0m  [1m[34mSELECT `ar_internal_metadata`.* FROM `ar_internal_metadata` WHERE `ar_internal_metadata`.`key` = 'environment' LIMIT 1[0m
  [1m[35m (0.3ms)[0m  [1m[35mBEGIN[0m
  [1m[36mActiveRecord::InternalMetadata Create (0.4ms)[0m  [1m[32mINSERT INTO `ar_internal_metadata` (`key`, `value`, `created_at`, `updated_at`) VALUES ('environment', 'development', '2022-01-22 09:53:15.758351', '2022-01-22 09:53:15.758351')[0m
  [1m[35m (1.1ms)[0m  [1m[35mCOMMIT[0m
  [1m[35m (0.3ms)[0m  [1m[34mSELECT RELEASE_LOCK('1889412250694455305')[0m
  [1m[35m (0.3ms)[0m  [1m[35mSET NAMES utf8,  @@SESSION.sql_mode = CONCAT(CONCAT(@@sql_mode, ',STRICT_ALL_TABLES'), ',NO_AUTO_VALUE_ON_ZERO'),  @@SESSION.sql_auto_is_null = 0, @@SESSION.wait_timeout = 2147483[0m
  [1m[35m (0.3ms)[0m  [1m[34mSELECT `schema_migrations`.`version` FROM `schema_migrations` ORDER BY `schema_migrations`.`version` ASC[0m
  [1m[35m (9.1ms)[0m  [1m[35mSET NAMES utf8,  @@SESSION.sql_mode = CONCAT(CONCAT(@@sql_mode, ',STRICT_ALL_TABLES'), ',NO_AUTO_VALUE_ON_ZERO'),  @@SESSION.sql_auto_is_null = 0, @@SESSION.wait_timeout = 2147483[0m
  [1m[35m (0.4ms)[0m  [1m[35mSET NAMES utf8,  @@SESSION.sql_mode = CONCAT(CONCAT(@@sql_mode, ',STRICT_ALL_TABLES'), ',NO_AUTO_VALUE_ON_ZERO'),  @@SESSION.sql_auto_is_null = 0, @@SESSION.wait_timeout = 2147483[0m
  [1m[35m (0.3ms)[0m  [1m[34mSELECT GET_LOCK('1889412250694455305', 0)[0m
  [1m[35m (3.6ms)[0m  [1m[34mSELECT `schema_migrations`.`version` FROM `schema_migrations` ORDER BY `schema_migrations`.`version` ASC[0m
  [1m[36mActiveRecord::InternalMetadata Load (0.5ms)[0m  [1m[34mSELECT `ar_internal_metadata`.* FROM `ar_internal_metadata` WHERE `ar_internal_metadata`.`key` = 'environment' LIMIT 1[0m
  [1m[35m (0.5ms)[0m  [1m[34mSELECT RELEASE_LOCK('1889412250694455305')[0m
  [1m[35m (0.4ms)[0m  [1m[35mSET NAMES utf8,  @@SESSION.sql_mode = CONCAT(CONCAT(@@sql_mode, ',STRICT_ALL_TABLES'), ',NO_AUTO_VALUE_ON_ZERO'),  @@SESSION.sql_auto_is_null = 0, @@SESSION.wait_timeout = 2147483[0m
  [1m[35m (0.4ms)[0m  [1m[34mSELECT `schema_migrations`.`version` FROM `schema_migrations` ORDER BY `schema_migrations`.`version` ASC[0m
  [1m[35m (8.7ms)[0m  [1m[35mSET NAMES utf8,  @@SESSION.sql_mode = CONCAT(CONCAT(@@sql_mode, ',STRICT_ALL_TABLES'), ',NO_AUTO_VALUE_ON_ZERO'),  @@SESSION.sql_auto_is_null = 0, @@SESSION.wait_timeout = 2147483[0m
  [1m[35m (0.4ms)[0m  [1m[35mBEGIN[0m
  [1m[36mShortUrl Create (5.8ms)[0m  [1m[32mINSERT INTO `short_urls` (`full_url`, `created_at`, `updated_at`) VALUES ('https://www.beenverified.com/faq/', '2022-01-22 10:17:20.018172', '2022-01-22 10:17:20.018172')[0m
  [1m[35m (1.5ms)[0m  [1m[35mCOMMIT[0m
  [1m[35m (1.3ms)[0m  [1m[35mBEGIN[0m
  [1m[36mShortUrl Create (0.7ms)[0m  [1m[32mINSERT INTO `short_urls` (`full_url`, `created_at`, `updated_at`) VALUES ('https://www.beenverified.com/faq/', '2022-01-22 10:17:56.050536', '2022-01-22 10:17:56.050536')[0m
  [1m[35m (1.2ms)[0m  [1m[35mCOMMIT[0m
  [1m[35m (0.3ms)[0m  [1m[35mBEGIN[0m
  [1m[36mShortUrl Create (0.5ms)[0m  [1m[32mINSERT INTO `short_urls` (`full_url`, `created_at`, `updated_at`) VALUES ('https://www.beenverified.com/faq/', '2022-01-22 10:18:47.185447', '2022-01-22 10:18:47.185447')[0m
  [1m[35m (2.4ms)[0m  [1m[35mCOMMIT[0m
  [1m[35m (0.9ms)[0m  [1m[35mBEGIN[0m
  [1m[36mShortUrl Update (2.1ms)[0m  [1m[33mUPDATE `short_urls` SET `short_urls`.`title` = 'Frequently Asked Questions | BeenVerified', `short_urls`.`updated_at` = '2022-01-22 10:18:50.135450' WHERE `short_urls`.`id` = 1005[0m
  [1m[35m (3.8ms)[0m  [1m[35mCOMMIT[0m
  [1m[35m (0.4ms)[0m  [1m[35mBEGIN[0m
  [1m[36mShortUrl Create (0.7ms)[0m  [1m[32mINSERT INTO `short_urls` (`full_url`, `created_at`, `updated_at`) VALUES ('https://www.beenverified.com/faq/', '2022-01-22 10:34:29.552925', '2022-01-22 10:34:29.552925')[0m
  [1m[35m (1.1ms)[0m  [1m[35mCOMMIT[0m
  [1m[36mShortUrl Load (1.8ms)[0m  [1m[34mSELECT `short_urls`.* FROM `short_urls` WHERE `short_urls`.`id` = 1006 LIMIT 1[0m
  [1m[35m (1.4ms)[0m  [1m[35mSET NAMES utf8,  @@SESSION.sql_mode = CONCAT(CONCAT(@@sql_mode, ',STRICT_ALL_TABLES'), ',NO_AUTO_VALUE_ON_ZERO'),  @@SESSION.sql_auto_is_null = 0, @@SESSION.wait_timeout = 2147483[0m
  [1m[35m (0.5ms)[0m  [1m[35mBEGIN[0m
  [1m[36mShortUrl Create (0.7ms)[0m  [1m[32mINSERT INTO `short_urls` (`full_url`, `created_at`, `updated_at`) VALUES ('http://h', '2022-01-22 10:43:42.661642', '2022-01-22 10:43:42.661642')[0m
  [1m[35m (1.9ms)[0m  [1m[35mCOMMIT[0m
